
==============================================

!Fri Dec 16 14:53:35 IST 2022

Processing file File_DB_APP\file_db_mf.msgflow.
Successfully added file File_DB_APP\file_db_mf.msgflow to BAR file.

==============================================

!Fri Dec 16 14:53:36 IST 2022

Processing file File_DB_APP\application.descriptor.
Successfully added file File_DB_APP\application.descriptor to BAR file.
Elapsed time: 0.002 second(s).

Successfully added file File_DB_APP\application.descriptor to BAR file.

==============================================

!Fri Dec 16 14:53:36 IST 2022

Processing file File_DB_APP\application.descriptor.
Successfully added file File_DB_APP\application.descriptor to BAR file.
Elapsed time: 0.001 second(s).

Successfully added file File_DB_APP\application.descriptor to BAR file.

==============================================

!Fri Dec 16 14:53:36 IST 2022

Processing file File_DB_APP\file_db_mf_Compute.esql.
Successfully added file File_DB_APP\file_db_mf_Compute.esql to BAR file.
