
==============================================

!Thu Nov 17 11:50:11 IST 2022

Successfully added file SOAP_TAX\soap_mf4.msgflow to BAR file.

Successfully added file SOAP_TAX\soap_mf3.msgflow to BAR file.

Successfully added file SOAP_TAX\soap_mf2.msgflow to BAR file.

Successfully added file SOAP_TAX\soap_mf1.msgflow to BAR file.

Successfully added file SOAP_TAX\IBMdefined\org\w3\www\xml\_1998\namespace\xml.xsd to BAR file.

Successfully added file SOAP_TAX\IBMdefined\org\xmlsoap\schemas\soap\envelope\soapenv11.xsd to BAR file.

Successfully added file SOAP_TAX\IBMdefined\soap.xsd to BAR file.

Successfully added file SOAP_TAX\application.descriptor to BAR file.

Successfully added file SOAP_TAX\application.descriptor to BAR file.

Successfully added file SOAP_TAX\application.descriptor to BAR file.

Successfully added file SOAP_TAX\application.descriptor to BAR file.

Successfully added file SOAP_TAX\soap_mf1_Compute.esql to BAR file.

Successfully added file SOAP_TAX\soap_mf2_Compute.esql to BAR file.

Successfully added file SOAP_TAX\soap_mf2_Compute.esql to BAR file.

Successfully added file SOAP_TAX\soap_mf3_Compute.esql to BAR file.

Successfully added file SOAP_TAX\soap_mf3_Compute.esql to BAR file.

Successfully added file SOAP_TAX\soap_mf4_Compute.esql to BAR file.

Successfully added file SOAP_TAX\soap_mf4_Compute.esql to BAR file.

Successfully added file SOAP_TAX\soap_tax_exc_sf.subflow to BAR file.

Successfully added file SOAP_TAX\soap_tax_exc_sf_Compute.esql to BAR file.

Successfully added file SOAP_TAX\tx.wsdl to BAR file.

Successfully added file SOAP_TAX\tx.xsd to BAR file.

Successfully added file SOAP_TAX\tx_InlineSchema1.xsd to BAR file.
