
==============================================

!Thu Nov 03 16:19:11 IST 2022

Successfully added file SOAP_TAXABLE\SOAP_TAX_MF3.msgflow to BAR file.

Successfully added file SOAP_TAXABLE\SOAP_TAX_MF2.msgflow to BAR file.

Successfully added file SOAP_TAXABLE\SOAP_TAX_MF1.msgflow to BAR file.

Successfully added file SOAP_TAXABLE\SOAP_TAX_MF.msgflow to BAR file.

Successfully added file SOAP_TAXABLE\IBMdefined\org\w3\www\xml\_1998\namespace\xml.xsd to BAR file.

Successfully added file SOAP_TAXABLE\IBMdefined\org\xmlsoap\schemas\soap\envelope\soapenv11.xsd to BAR file.

Successfully added file SOAP_TAXABLE\IBMdefined\soap.xsd to BAR file.

Successfully added file SOAP_TAXABLE\SOAP_TAX_MF1_Compute.esql to BAR file.

Successfully added file SOAP_TAXABLE\SOAP_TAX_MF1_Compute.esql to BAR file.

Successfully added file SOAP_TAXABLE\SOAP_TAX_MF2_Compute.esql to BAR file.

Successfully added file SOAP_TAXABLE\SOAP_TAX_MF2_Compute.esql to BAR file.

Successfully added file SOAP_TAXABLE\SOAP_TAX_MF3_Compute.esql to BAR file.

Successfully added file SOAP_TAXABLE\SOAP_TAX_MF3_Compute.esql to BAR file.

Successfully added file SOAP_TAXABLE\SOAP_TAX_MF_Compute.esql to BAR file.

Successfully added file SOAP_TAXABLE\Tax.wsdl to BAR file.

Successfully added file SOAP_TAXABLE\Tax.xsd to BAR file.

Successfully added file SOAP_TAXABLE\Tax_InlineSchema1.xsd to BAR file.

Successfully added file SOAP_TAXABLE\application.descriptor to BAR file.

Successfully added file SOAP_TAXABLE\application.descriptor to BAR file.

Successfully added file SOAP_TAXABLE\application.descriptor to BAR file.

Successfully added file SOAP_TAXABLE\application.descriptor to BAR file.
